{
  "RSpec": {
    "coverage": {
      "/Users/rebecca/Projects/Makers/Week_7_MakersBnB/makers_bnb/app.rb": {
        "lines": [
          1,
          1,
          1,
          null,
          1,
          null,
          null,
          null,
          1,
          1,
          null,
          1,
          1,
          null,
          null,
          1,
          2,
          null,
          1,
          1,
          null,
          null,
          1,
          2,
          2,
          null,
          null,
          1,
          2,
          null,
          null,
          1,
          0,
          0,
          null,
          null,
          1,
          null,
          0,
          null,
          null,
          1,
          0,
          0,
          0,
          null,
          null,
          1,
          null,
          null
        ]
      },
      "/Users/rebecca/Projects/Makers/Week_7_MakersBnB/makers_bnb/lib/space.rb": {
        "lines": [
          1,
          null,
          1,
          null,
          1,
          null,
          1,
          1,
          1,
          1,
          1,
          null,
          null,
          1,
          0,
          0,
          null,
          0,
          null,
          null,
          1,
          2,
          2,
          3,
          null,
          null,
          null
        ]
      },
      "/Users/rebecca/Projects/Makers/Week_7_MakersBnB/makers_bnb/lib/database_connection.rb": {
        "lines": [
          1,
          null,
          1,
          1,
          5,
          4,
          null,
          1,
          null,
          null,
          null,
          1,
          4,
          null,
          null
        ]
      },
      "/Users/rebecca/Projects/Makers/Week_7_MakersBnB/makers_bnb/spec/database_connection_spec.rb": {
        "lines": [
          1,
          null,
          1,
          1,
          1,
          1,
          null,
          1,
          1,
          1,
          1,
          null,
          null,
          null
        ]
      },
      "/Users/rebecca/Projects/Makers/Week_7_MakersBnB/makers_bnb/spec/features/list_of_spaces_spec.rb": {
        "lines": [
          1,
          null,
          1,
          1,
          1,
          1,
          1,
          null,
          null,
          1,
          1,
          1,
          1,
          1,
          1,
          0,
          0,
          0,
          0,
          0,
          null,
          null
        ]
      },
      "/Users/rebecca/Projects/Makers/Week_7_MakersBnB/makers_bnb/spec/features/list_space_spec.rb": {
        "lines": [
          1,
          1,
          1,
          1,
          1,
          1,
          0,
          0,
          0,
          null,
          null,
          0,
          0,
          0,
          null,
          null
        ]
      },
      "/Users/rebecca/Projects/Makers/Week_7_MakersBnB/makers_bnb/spec/features/login_spec.rb": {
        "lines": [
          1,
          1,
          1,
          1,
          1,
          1,
          null,
          1,
          1,
          1,
          null,
          null
        ]
      },
      "/Users/rebecca/Projects/Makers/Week_7_MakersBnB/makers_bnb/spec/features/sign_up_spec.rb": {
        "lines": [
          1,
          1,
          1,
          1,
          1,
          1,
          1,
          null,
          1,
          1,
          1,
          null,
          null
        ]
      },
      "/Users/rebecca/Projects/Makers/Week_7_MakersBnB/makers_bnb/spec/space_spec.rb": {
        "lines": [
          1,
          1,
          1,
          1,
          null,
          null,
          null,
          null,
          1,
          0,
          0,
          0,
          null,
          null,
          1,
          1,
          1,
          null,
          null,
          null,
          null,
          1,
          null,
          null,
          null,
          null,
          1,
          null,
          null,
          null,
          null,
          null,
          1,
          0,
          0,
          0,
          0,
          0,
          0,
          0,
          0,
          null,
          null,
          null
        ]
      },
      "/Users/rebecca/Projects/Makers/Week_7_MakersBnB/makers_bnb/spec/user_spec.rb": {
        "lines": [
          1,
          null,
          1,
          1,
          1,
          1,
          null,
          1,
          null,
          1,
          1,
          1,
          null,
          1,
          1,
          null,
          1,
          null,
          null,
          null
        ]
      },
      "/Users/rebecca/Projects/Makers/Week_7_MakersBnB/makers_bnb/lib/user.rb": {
        "lines": [
          1,
          1,
          null,
          1,
          null,
          1,
          null,
          1,
          2,
          2,
          null,
          null,
          1,
          2,
          2,
          2,
          2,
          2,
          null,
          null,
          null
        ]
      }
    },
    "timestamp": 1636641068
  }
}
